2020-11-23 14:32:06.756  INFO 37535 --- [main] fm.taker.mvo.Application                 : Starting Application v0.3.0-SNAPSHOT on Noahs-MacBook-Pro-5.local with PID 37535 (/Users/noahalex/fm_m/fm-taker-mvo.jar started by noahalex in /Users/noahalex/fm_m)
2020-11-23 14:32:06.797  INFO 37535 --- [main] fm.taker.mvo.Application                 : No active profile set, falling back to default profiles: default
2020-11-23 14:32:10.015  INFO 37535 --- [main] fm.taker.mvo.Application                 : Started Application in 5.198 seconds (JVM running for 6.64)
2020-11-23 14:32:10.280  INFO 37535 --- [main] fm.net.Configuration                     : File not found /Users/noahalex/.fm/endpoint
2020-11-23 14:32:10.285  INFO 37535 --- [main] fm.net.Configuration                     : File not found /Users/noahalex/fm_m/main.sh/test04
2020-11-23 14:32:10.285  INFO 37535 --- [main] fm.net.Configuration                     : File not found /Users/noahalex/fm_m/main.sh/endpoint
2020-11-23 14:35:28.108  INFO 37581 --- [main] fm.taker.mvo.Application                 : Starting Application v0.3.0-SNAPSHOT on Noahs-MacBook-Pro-5.local with PID 37581 (/Users/noahalex/fm_m/fm-taker-mvo.jar started by noahalex in /Users/noahalex/fm_m)
2020-11-23 14:35:28.113  INFO 37581 --- [main] fm.taker.mvo.Application                 : No active profile set, falling back to default profiles: default
2020-11-23 14:35:28.125  INFO 37580 --- [main] fm.taker.mvo.Application                 : Starting Application v0.3.0-SNAPSHOT on Noahs-MacBook-Pro-5.local with PID 37580 (/Users/noahalex/fm_m/fm-taker-mvo.jar started by noahalex in /Users/noahalex/fm_m)
2020-11-23 14:35:28.138  INFO 37580 --- [main] fm.taker.mvo.Application                 : No active profile set, falling back to default profiles: default
2020-11-23 14:35:28.149  INFO 37582 --- [main] fm.taker.mvo.Application                 : Starting Application v0.3.0-SNAPSHOT on Noahs-MacBook-Pro-5.local with PID 37582 (/Users/noahalex/fm_m/fm-taker-mvo.jar started by noahalex in /Users/noahalex/fm_m)
2020-11-23 14:35:28.153  INFO 37582 --- [main] fm.taker.mvo.Application                 : No active profile set, falling back to default profiles: default
2020-11-23 14:35:28.167  INFO 37579 --- [main] fm.taker.mvo.Application                 : Starting Application v0.3.0-SNAPSHOT on Noahs-MacBook-Pro-5.local with PID 37579 (/Users/noahalex/fm_m/fm-taker-mvo.jar started by noahalex in /Users/noahalex/fm_m)
2020-11-23 14:35:28.172  INFO 37579 --- [main] fm.taker.mvo.Application                 : No active profile set, falling back to default profiles: default
2020-11-23 14:35:28.300  INFO 37583 --- [main] fm.taker.mvo.Application                 : Starting Application v0.3.0-SNAPSHOT on Noahs-MacBook-Pro-5.local with PID 37583 (/Users/noahalex/fm_m/fm-taker-mvo.jar started by noahalex in /Users/noahalex/fm_m)
2020-11-23 14:35:28.353  INFO 37583 --- [main] fm.taker.mvo.Application                 : No active profile set, falling back to default profiles: default
2020-11-23 14:35:31.131  INFO 37581 --- [main] fm.taker.mvo.Application                 : Started Application in 4.711 seconds (JVM running for 6.163)
2020-11-23 14:35:31.194  INFO 37579 --- [main] fm.taker.mvo.Application                 : Started Application in 4.778 seconds (JVM running for 6.225)
2020-11-23 14:35:31.210  INFO 37580 --- [main] fm.taker.mvo.Application                 : Started Application in 4.805 seconds (JVM running for 6.242)
2020-11-23 14:35:31.264  INFO 37582 --- [main] fm.taker.mvo.Application                 : Started Application in 4.881 seconds (JVM running for 6.296)
2020-11-23 14:35:31.268  INFO 37583 --- [main] fm.taker.mvo.Application                 : Started Application in 4.785 seconds (JVM running for 6.3)
2020-11-23 14:35:31.367  INFO 37581 --- [main] fm.net.Configuration                     : File not found /Users/noahalex/.fm/endpoint
2020-11-23 14:35:31.415  INFO 37579 --- [main] fm.net.Configuration                     : File not found /Users/noahalex/.fm/endpoint
2020-11-23 14:35:31.418  INFO 37580 --- [main] fm.net.Configuration                     : File not found /Users/noahalex/.fm/endpoint
2020-11-23 14:35:31.470  INFO 37582 --- [main] fm.net.Configuration                     : File not found /Users/noahalex/.fm/endpoint
2020-11-23 14:35:31.474  INFO 37583 --- [main] fm.net.Configuration                     : File not found /Users/noahalex/.fm/endpoint
2020-11-23 14:35:37.961  INFO 37579 --- [WebSocketClient-SecureIO-2] fm.net.EventParser                       : handling 'SESSION-UPDATE':  26449  26449 CLOSED open: 2020-11-17T06:31:26.050731 close: 2020-11-17T06:38:07.618633
2020-11-23 14:35:37.977  INFO 37579 --- [WebSocketClient-SecureIO-2] fm.net.EventParser                       : handling 'HOLDING-UPDATE':  12518    0.00     0.00 2057     B     0     0 2056     A     0     0
2020-11-23 14:35:38.036  INFO 37583 --- [WebSocketClient-SecureIO-2] fm.net.EventParser                       : handling 'SESSION-UPDATE':  26449  26449 CLOSED open: 2020-11-17T06:31:26.050731 close: 2020-11-17T06:38:07.618633
2020-11-23 14:35:38.054  INFO 37583 --- [WebSocketClient-SecureIO-2] fm.net.EventParser                       : handling 'HOLDING-UPDATE':  12522    0.00     0.00 2057     B     0     0 2056     A     0     0
2020-11-23 14:35:38.071  INFO 37582 --- [WebSocketClient-SecureIO-2] fm.net.EventParser                       : handling 'SESSION-UPDATE':  26449  26449 CLOSED open: 2020-11-17T06:31:26.050731 close: 2020-11-17T06:38:07.618633
2020-11-23 14:35:38.087  INFO 37582 --- [WebSocketClient-SecureIO-2] fm.net.EventParser                       : handling 'HOLDING-UPDATE':  12521    0.00     0.00 2057     B     0     0 2056     A     0     0
2020-11-23 14:35:38.225  INFO 37580 --- [WebSocketClient-SecureIO-2] fm.net.EventParser                       : handling 'SESSION-UPDATE':  26449  26449 CLOSED open: 2020-11-17T06:31:26.050731 close: 2020-11-17T06:38:07.618633
2020-11-23 14:35:38.237  INFO 37580 --- [WebSocketClient-SecureIO-2] fm.net.EventParser                       : handling 'HOLDING-UPDATE':  12519    0.00     0.00 2057     B     0     0 2056     A     0     0
2020-11-23 14:35:39.035  INFO 37581 --- [WebSocketClient-SecureIO-2] fm.net.EventParser                       : handling 'SESSION-UPDATE':  26449  26449 CLOSED open: 2020-11-17T06:31:26.050731 close: 2020-11-17T06:38:07.618633
2020-11-23 14:35:39.046  INFO 37581 --- [WebSocketClient-SecureIO-2] fm.net.EventParser                       : handling 'HOLDING-UPDATE':  12520    0.00     0.00 2057     B     0     0 2056     A     0     0
